{
  "RSpec": {
    "coverage": {
      "/home/tktl-csfs/fs2/home/mikhuttu/ratebeer/app/helpers/application_helper.rb": [
        1,
        null,
        1,
        0,
        0,
        0,
        null,
        0,
        0,
        null,
        null,
        0,
        null,
        null,
        null,
        1,
        0,
        null,
        null
      ],
      "/home/tktl-csfs/fs2/home/mikhuttu/ratebeer/app/helpers/beer_clubs_helper.rb": [
        1,
        null
      ],
      "/home/tktl-csfs/fs2/home/mikhuttu/ratebeer/app/helpers/beers_helper.rb": [
        1,
        null
      ],
      "/home/tktl-csfs/fs2/home/mikhuttu/ratebeer/app/helpers/breweries_helper.rb": [
        1,
        null
      ],
      "/home/tktl-csfs/fs2/home/mikhuttu/ratebeer/app/helpers/memberships_helper.rb": [
        1,
        null
      ],
      "/home/tktl-csfs/fs2/home/mikhuttu/ratebeer/app/helpers/users_helper.rb": [
        1,
        null
      ],
      "/home/tktl-csfs/fs2/home/mikhuttu/ratebeer/app/models/brewery.rb": [
        1,
        1,
        null,
        1,
        1,
        null,
        1,
        1,
        12,
        null,
        1,
        1,
        null,
        1,
        0,
        null,
        0,
        0,
        null,
        0,
        0,
        0,
        0,
        null,
        null,
        null,
        0,
        null,
        null
      ],
      "/home/tktl-csfs/fs2/home/mikhuttu/ratebeer/app/models/concerns/rating_average.rb": [
        1,
        1,
        null,
        1,
        0,
        0,
        null,
        0,
        0,
        null,
        null,
        null
      ],
      "/home/tktl-csfs/fs2/home/mikhuttu/ratebeer/app/models/style.rb": [
        1,
        1,
        null,
        1,
        1,
        null,
        1,
        1,
        null,
        1,
        0,
        null,
        0,
        0,
        null,
        0,
        0,
        0,
        0,
        null,
        null,
        null,
        0,
        null,
        null,
        null,
        null
      ],
      "/home/tktl-csfs/fs2/home/mikhuttu/ratebeer/app/models/beer.rb": [
        1,
        1,
        null,
        1,
        1,
        1,
        1,
        null,
        1,
        1,
        1,
        null,
        1,
        0,
        null,
        null,
        1,
        0,
        null,
        0,
        0,
        null,
        0,
        0,
        0,
        0,
        null,
        null,
        null,
        0,
        null,
        null,
        null
      ],
      "/home/tktl-csfs/fs2/home/mikhuttu/ratebeer/app/controllers/beers_controller.rb": [
        1,
        1,
        1,
        1,
        1,
        null,
        1,
        4,
        4,
        null,
        4,
        16,
        0,
        0,
        null,
        null,
        null,
        null,
        1,
        0,
        0,
        null,
        null,
        null,
        1,
        0,
        null,
        null,
        null,
        1,
        null,
        null,
        1,
        null,
        null,
        1,
        null,
        null,
        null,
        1,
        0,
        null,
        0,
        0,
        0,
        0,
        null,
        0,
        null,
        0,
        0,
        null,
        null,
        null,
        null,
        null,
        1,
        0,
        0,
        0,
        0,
        null,
        0,
        null,
        0,
        0,
        null,
        null,
        null,
        null,
        1,
        0,
        0,
        0,
        0,
        null,
        null,
        null,
        1,
        null,
        1,
        0,
        null,
        null,
        1,
        0,
        0,
        null,
        null,
        null,
        1,
        0,
        null,
        null
      ],
      "/home/tktl-csfs/fs2/home/mikhuttu/ratebeer/app/controllers/application_controller.rb": [
        1,
        1,
        null,
        null,
        1,
        null,
        1,
        4,
        0,
        null,
        null,
        1,
        0,
        0,
        null,
        null,
        null,
        1,
        0,
        null,
        null,
        1,
        0,
        null,
        null
      ]
    },
    "timestamp": 1424698042
  }
}
