{
  "RSpec": {
    "coverage": {
      "/home/tktl-csfs/fs2/home/mikhuttu/ratebeer/app/helpers/application_helper.rb": [
        1,
        null,
        1,
        10,
        9,
        9,
        null,
        9,
        9,
        null,
        null,
        9,
        null,
        null,
        null,
        1,
        10,
        null,
        null
      ],
      "/home/tktl-csfs/fs2/home/mikhuttu/ratebeer/app/helpers/beer_clubs_helper.rb": [
        1,
        null
      ],
      "/home/tktl-csfs/fs2/home/mikhuttu/ratebeer/app/helpers/beers_helper.rb": [
        1,
        null
      ],
      "/home/tktl-csfs/fs2/home/mikhuttu/ratebeer/app/helpers/breweries_helper.rb": [
        1,
        null
      ],
      "/home/tktl-csfs/fs2/home/mikhuttu/ratebeer/app/helpers/memberships_helper.rb": [
        1,
        null
      ],
      "/home/tktl-csfs/fs2/home/mikhuttu/ratebeer/app/helpers/users_helper.rb": [
        1,
        null
      ],
      "/home/tktl-csfs/fs2/home/mikhuttu/ratebeer/app/models/beer_club.rb": [
        1,
        null,
        1,
        1,
        null,
        1,
        null,
        1,
        0,
        null,
        null,
        null
      ],
      "/home/tktl-csfs/fs2/home/mikhuttu/ratebeer/app/controllers/beer_clubs_controller.rb": [
        1,
        1,
        1,
        1,
        null,
        1,
        0,
        null,
        null,
        1,
        0,
        0,
        null,
        null,
        1,
        0,
        null,
        null,
        1,
        null,
        null,
        1,
        0,
        null,
        0,
        0,
        0,
        0,
        null,
        0,
        0,
        null,
        null,
        null,
        null,
        1,
        0,
        0,
        0,
        0,
        null,
        0,
        0,
        null,
        null,
        null,
        null,
        1,
        0,
        0,
        0,
        0,
        null,
        null,
        null,
        1,
        1,
        0,
        null,
        null,
        1,
        0,
        null,
        null,
        1,
        null,
        0,
        0,
        null,
        0,
        0,
        null,
        null,
        null
      ],
      "/home/tktl-csfs/fs2/home/mikhuttu/ratebeer/app/controllers/application_controller.rb": [
        1,
        1,
        null,
        null,
        1,
        null,
        1,
        200,
        144,
        null,
        null,
        1,
        39,
        27,
        null,
        null,
        null,
        1,
        0,
        null,
        null,
        1,
        5,
        null,
        null
      ],
      "/home/tktl-csfs/fs2/home/mikhuttu/ratebeer/app/controllers/memberships_controller.rb": [
        1,
        1,
        1,
        null,
        1,
        0,
        null,
        null,
        1,
        null,
        null,
        1,
        0,
        0,
        null,
        0,
        0,
        null,
        null,
        null,
        1,
        null,
        null,
        1,
        0,
        0,
        null,
        0,
        0,
        0,
        0,
        null,
        0,
        0,
        null,
        null,
        null,
        null,
        1,
        0,
        0,
        0,
        0,
        null,
        0,
        0,
        null,
        null,
        null,
        null,
        1,
        0,
        null,
        0,
        0,
        0,
        0,
        null,
        null,
        null,
        1,
        1,
        0,
        null,
        null,
        1,
        0,
        null,
        null,
        1,
        0,
        null,
        null
      ],
      "/home/tktl-csfs/fs2/home/mikhuttu/ratebeer/app/models/beer.rb": [
        1,
        1,
        null,
        1,
        1,
        1,
        1,
        null,
        1,
        1,
        1,
        null,
        1,
        2,
        null,
        null,
        1,
        3,
        null,
        1,
        1,
        null,
        1,
        2,
        2,
        2,
        null,
        null,
        null,
        1,
        null,
        null,
        null
      ],
      "/home/tktl-csfs/fs2/home/mikhuttu/ratebeer/app/models/concerns/rating_average.rb": [
        1,
        1,
        null,
        1,
        16,
        0,
        null,
        46,
        16,
        null,
        null,
        null
      ],
      "/home/tktl-csfs/fs2/home/mikhuttu/ratebeer/app/models/brewery.rb": [
        1,
        1,
        null,
        1,
        1,
        null,
        1,
        1,
        26,
        null,
        4,
        4,
        null,
        1,
        2,
        null,
        1,
        1,
        null,
        1,
        1,
        1,
        1,
        null,
        null,
        null,
        1,
        null,
        null
      ],
      "/home/tktl-csfs/fs2/home/mikhuttu/ratebeer/app/models/user.rb": [
        1,
        1,
        null,
        1,
        null,
        null,
        1,
        null,
        null,
        1,
        1,
        null,
        1,
        1,
        null,
        1,
        null,
        1,
        2,
        null,
        1,
        1,
        null,
        1,
        1,
        1,
        1,
        null,
        null,
        null,
        1,
        null,
        null,
        1,
        6,
        5,
        null,
        null,
        1,
        16,
        null,
        16,
        null,
        null,
        25,
        null,
        null,
        41,
        null,
        null,
        1,
        8,
        null,
        null,
        1,
        8,
        null,
        null,
        1,
        54,
        null,
        null,
        1,
        25,
        64,
        null,
        25,
        null,
        null,
        null
      ],
      "/home/tktl-csfs/fs2/home/mikhuttu/ratebeer/app/models/style.rb": [
        1,
        1,
        null,
        1,
        1,
        null,
        1,
        1,
        null,
        1,
        2,
        null,
        1,
        1,
        null,
        1,
        1,
        1,
        1,
        null,
        null,
        null,
        1,
        null,
        null,
        null,
        null
      ],
      "/home/tktl-csfs/fs2/home/mikhuttu/ratebeer/app/controllers/sessions_controller.rb": [
        1,
        1,
        8,
        null,
        null,
        1,
        7,
        null,
        7,
        6,
        6,
        6,
        null,
        0,
        null,
        null,
        1,
        null,
        null,
        null,
        1,
        0,
        0,
        null,
        null,
        null
      ],
      "/home/tktl-csfs/fs2/home/mikhuttu/ratebeer/app/controllers/users_controller.rb": [
        1,
        1,
        1,
        1,
        null,
        1,
        0,
        null,
        null,
        1,
        12,
        12,
        null,
        null,
        1,
        1,
        null,
        null,
        1,
        0,
        null,
        null,
        1,
        1,
        1,
        1,
        null,
        1,
        1,
        2,
        1,
        null,
        0,
        0,
        null,
        null,
        null,
        null,
        1,
        0,
        0,
        0,
        0,
        0,
        null,
        0,
        0,
        null,
        null,
        null,
        null,
        0,
        null,
        null,
        null,
        1,
        0,
        0,
        0,
        null,
        null,
        0,
        0,
        0,
        null,
        null,
        null,
        1,
        0,
        0,
        null,
        0,
        null,
        0,
        0,
        null,
        0,
        null,
        null,
        null,
        1,
        1,
        12,
        null,
        null,
        1,
        1,
        null,
        null
      ],
      "/home/tktl-csfs/fs2/home/mikhuttu/ratebeer/app/models/rating.rb": [
        1,
        1,
        1,
        null,
        1,
        null,
        null,
        null,
        2,
        null,
        null
      ],
      "/home/tktl-csfs/fs2/home/mikhuttu/ratebeer/app/models/membership.rb": [
        1,
        null,
        1,
        1,
        null,
        null
      ],
      "/home/tktl-csfs/fs2/home/mikhuttu/ratebeer/app/controllers/beers_controller.rb": [
        1,
        1,
        1,
        1,
        1,
        null,
        1,
        1,
        null,
        null,
        null,
        1,
        0,
        0,
        null,
        null,
        null,
        1,
        2,
        null,
        null,
        null,
        1,
        null,
        null,
        null,
        1,
        2,
        null,
        2,
        2,
        2,
        1,
        null,
        1,
        null,
        2,
        1,
        null,
        null,
        null,
        null,
        null,
        1,
        0,
        0,
        0,
        0,
        null,
        0,
        null,
        0,
        0,
        null,
        null,
        null,
        null,
        1,
        0,
        0,
        0,
        0,
        null,
        null,
        null,
        1,
        null,
        1,
        0,
        null,
        null,
        1,
        3,
        3,
        null,
        null,
        null,
        1,
        2,
        null,
        null
      ],
      "/home/tktl-csfs/fs2/home/mikhuttu/ratebeer/app/controllers/breweries_controller.rb": [
        1,
        1,
        1,
        1,
        null,
        1,
        3,
        3,
        null,
        null,
        null,
        1,
        null,
        null,
        null,
        1,
        0,
        null,
        null,
        null,
        1,
        null,
        null,
        null,
        1,
        0,
        null,
        0,
        0,
        0,
        0,
        null,
        0,
        0,
        null,
        null,
        null,
        null,
        null,
        1,
        0,
        0,
        0,
        0,
        null,
        0,
        0,
        null,
        null,
        null,
        null,
        null,
        1,
        0,
        0,
        0,
        0,
        null,
        null,
        null,
        1,
        0,
        null,
        0,
        0,
        null,
        null,
        null,
        1,
        1,
        1,
        null,
        null,
        1,
        0,
        null,
        null
      ],
      "/home/tktl-csfs/fs2/home/mikhuttu/ratebeer/lib/beermapping_api.rb": [
        1,
        null,
        1,
        7,
        null,
        7,
        11,
        null,
        null,
        null,
        1,
        null,
        4,
        null,
        4,
        null,
        4,
        4,
        null,
        3,
        3,
        5,
        null,
        null,
        null,
        null
      ],
      "/home/tktl-csfs/fs2/home/mikhuttu/ratebeer/app/models/place.rb": [
        1,
        1,
        1,
        null,
        1,
        6,
        null,
        null
      ],
      "/home/tktl-csfs/fs2/home/mikhuttu/ratebeer/app/controllers/places_controller.rb": [
        1,
        1,
        null,
        null,
        1,
        0,
        null,
        0,
        0,
        0,
        0,
        null,
        null,
        null,
        0,
        0,
        null,
        null,
        null,
        null,
        1,
        3,
        null,
        3,
        1,
        null,
        2,
        2,
        null,
        null,
        null,
        null
      ],
      "/home/tktl-csfs/fs2/home/mikhuttu/ratebeer/app/controllers/ratings_controller.rb": [
        1,
        1,
        1,
        null,
        1,
        1,
        1,
        1,
        1,
        1,
        null,
        null,
        1,
        1,
        1,
        null,
        null,
        1,
        1,
        null,
        1,
        1,
        1,
        null,
        0,
        0,
        null,
        null,
        null,
        1,
        1,
        1,
        1,
        null,
        null
      ]
    },
    "timestamp": 1424348003
  }
}
